<?xml version="1.0" encoding="utf-8"?><testsuites name="pytest tests"><testsuite name="pytest" errors="0" failures="0" skipped="0" tests="34" time="10.653" timestamp="2026-08-19T06:07:25.433129+00:00" hostname="agent-env-01c667ed-54be-41fa-a0b1-4a4dd54a7b34"><testcase classname="tests.backend_test.TestPostNoZone" name="test_post_far_from_malang_ok" time="0.920" /><testcase classname="tests.backend_test.TestFeed" name="test_feed_with_query_latlng" time="0.937" /><testcase classname="tests.backend_test.TestPostNoZone" name="test_reject_no_responsibility" time="0.125" /><testcase classname="tests.backend_test.TestFeed" name="test_feed_no_radius_returns_all" time="0.111" /><testcase classname="tests.backend_test.TestPostNoZone" name="test_reject_cooked_window_too_long" time="0.159" /><testcase classname="tests.backend_test.TestFeed" name="test_feed_radius_smaller_returns_fewer" time="0.229" /><testcase classname="tests.backend_test.TestPostNoZone" name="test_reject_end_before_start" time="0.159" /><testcase classname="tests.backend_test.TestFeed" name="test_feed_null_distance_when_no_location" time="0.529" /><testcase classname="tests.backend_test.TestKilograms" name="test_cooked_auto_estimate" time="0.324" /><testcase classname="tests.backend_test.TestKilograms" name="test_raw_auto_estimate" time="0.157" /><testcase classname="tests.backend_test.TestFeed" name="test_feed_category_filter" time="0.127" /><testcase classname="tests.backend_test.TestKilograms" name="test_manual_weight_override" time="0.135" /><testcase classname="tests.backend_test.TestPush" name="test_public_key" time="0.118" /><testcase classname="tests.backend_test.TestKilograms" name="test_impact_has_kg_target" time="0.121" /><testcase classname="tests.backend_test.TestPush" name="test_test_endpoint_400_when_no_sub" time="0.703" /><testcase classname="tests.backend_test.TestAdmin" name="test_non_admin_forbidden" time="1.031" /><testcase classname="tests.backend_test.TestPush" name="test_subscribe_idempotent_and_unsubscribe" time="0.389" /><testcase classname="tests.backend_test.TestAdmin" name="test_admin_stats_has_rates" time="0.603" /><testcase classname="tests.backend_test.TestPush" name="test_claim_still_works_when_push_fails" time="1.778" /><testcase classname="tests.backend_test.TestAdmin" name="test_admin_cannot_ban_self" time="0.296" /><testcase classname="tests.backend_test.TestAdmin" name="test_admin_ban_other_user" time="1.238" /><testcase classname="tests.backend_test.TestAuth" name="test_register_and_me" time="0.473" /><testcase classname="tests.backend_test.TestStreaksAndKg" name="test_post_streak_idempotent_same_day" time="1.640" /><testcase classname="tests.backend_test.TestAuth" name="test_login_bad" time="0.473" /><testcase classname="tests.backend_test.TestAuth" name="test_login_and_logout" time="0.519" /><testcase classname="tests.backend_test.TestAutoAccept" name="test_default_is_off_and_pending" time="0.883" /><testcase classname="tests.backend_test.TestStreaksAndKg" name="test_handoff_streak_and_kg_shared" time="2.452" /><testcase classname="tests.backend_test.TestAutoAccept" name="test_auto_accept_true_short_circuits" time="0.971" /><testcase classname="tests.backend_test.TestClaims" name="test_donor_cannot_claim_own" time="0.207" /><testcase classname="tests.backend_test.TestClaims" name="test_second_claimer_blocked" time="0.847" /><testcase classname="tests.backend_test.TestUpload" name="test_upload_and_fetch" time="0.684" /><testcase classname="tests.backend_test.TestStreaksAndKg" name="test_public_user_has_streak_fields" time="0.390" /><testcase classname="tests.backend_test.TestLocationNoZone" name="test_location_any_coordinates_ok" time="0.538" /><testcase classname="tests.backend_test.TestImpact" name="test_public_impact_shape" time="0.102" /></testsuite></testsuites>