<?xml version="1.0" encoding="utf-8"?><testsuites name="pytest tests"><testsuite name="pytest" errors="0" failures="0" skipped="0" tests="33" time="14.125" timestamp="2026-08-19T04:58:27.960078+00:00" hostname="agent-env-01c667ed-54be-41fa-a0b1-4a4dd54a7b34"><testcase classname="tests.backend_test.TestPostValidation" name="test_reject_no_responsibility" time="0.800" /><testcase classname="tests.backend_test.TestPostValidation" name="test_reject_outside_zone" time="0.128" /><testcase classname="tests.backend_test.TestPostValidation" name="test_reject_cooked_window_too_long" time="0.122" /><testcase classname="tests.backend_test.TestClaims" name="test_donor_cannot_claim_own" time="1.047" /><testcase classname="tests.backend_test.TestPostValidation" name="test_reject_raw_window_too_long" time="0.129" /><testcase classname="tests.backend_test.TestPostValidation" name="test_reject_end_before_start" time="0.285" /><testcase classname="tests.backend_test.TestPostValidation" name="test_create_valid_cooked" time="0.107" /><testcase classname="tests.backend_test.TestFeed" name="test_feed_sorted_and_distance" time="0.505" /><testcase classname="tests.backend_test.TestClaims" name="test_ack_required" time="1.041" /><testcase classname="tests.backend_test.TestFeed" name="test_feed_category_filter" time="0.413" /><testcase classname="tests.backend_test.TestFeed" name="test_feed_handoff_filter" time="0.385" /><testcase classname="tests.backend_test.TestFeed" name="test_feed_radius" time="0.127" /><testcase classname="tests.backend_test.TestReportsImpact" name="test_report_and_admin_visibility" time="0.574" /><testcase classname="tests.backend_test.TestClaims" name="test_claim_success_and_second_user_blocked" time="2.006" /><testcase classname="tests.backend_test.TestReportsImpact" name="test_public_impact_no_auth" time="0.101" /><testcase classname="tests.backend_test.TestReportsImpact" name="test_feed_radius_3km_returns_all_seeded" time="0.119" /><testcase classname="tests.backend_test.TestReportsImpact" name="test_feed_radius_smaller_returns_fewer" time="0.254" /><testcase classname="tests.backend_test.TestAuth" name="test_register_and_me" time="0.843" /><testcase classname="tests.backend_test.TestAuth" name="test_login_bad" time="0.373" /><testcase classname="tests.backend_test.TestClaims" name="test_donor_reject_releases" time="1.753" /><testcase classname="tests.backend_test.TestAuth" name="test_login_and_logout" time="0.633" /><testcase classname="tests.backend_test.TestAdmin" name="test_non_admin_forbidden" time="0.664" /><testcase classname="tests.backend_test.TestClaims" name="test_recipient_cancel_releases" time="1.063" /><testcase classname="tests.backend_test.TestAdmin" name="test_admin_endpoints" time="0.697" /><testcase classname="tests.backend_test.TestAdmin" name="test_ban_unban" time="1.384" /><testcase classname="tests.backend_test.TestClaims" name="test_donor_accept" time="1.756" /><testcase classname="tests.backend_test.TestUpload" name="test_upload_and_fetch" time="0.893" /><testcase classname="tests.backend_test.TestLocation" name="test_zone_inside" time="0.634" /><testcase classname="tests.backend_test.TestLocation" name="test_zone_outside" time="0.388" /><testcase classname="tests.backend_test.TestFlagged" name="test_new_user_first_posts_flagged" time="1.415" /><testcase classname="tests.backend_test.TestHoardingCap" name="test_max_2_active_claims" time="1.830" /><testcase classname="tests.backend_test.TestChatHandoffRate" name="test_full_flow" time="2.497" /><testcase classname="tests.backend_test.TestNoShow" name="test_two_no_shows_trigger_cooldown" time="1.510" /></testsuite></testsuites>